# JRE version: OpenJDK Runtime Environment Temurin-21.0.10+7 (21.0.10+7) (build 21.0.10+7-LTS)
# Java VM: OpenJDK 64-Bit Server VM Temurin-21.0.10+7 (21.0.10+7-LTS, mixed mode, sharing, tiered, compressed oops, compressed class ptrs, g1 gc, windows-amd64)
GC Precious Log:
 CardTable entry size: 512
 Card Set container configuration: InlinePtr #cards 5 size 8 Array Of Cards #cards 12 size 40 Howl #buckets 4 coarsen threshold 1843 Howl Bitmap #cards 512 size 80 coarsen threshold 460 Card regions per heap region 1 cards per card region 2048
 CPUs: 12 total, 12 available
 Memory: 5989M
 Large Page Support: Disabled
 NUMA Support: Disabled
 Compressed Oops: Enabled (32-bit)
 Heap Region Size: 1M
 Heap Min Capacity: 256M
 Heap Initial Capacity: 256M
 Heap Max Capacity: 512M
 Pre-touch: Disabled
 Parallel Workers: 10
 Concurrent Workers: 3
 Concurrent Refinement Workers: 10
 Periodic GC: Disabled
Heap:
 garbage-first heap   total 262144K, used 48533K [0x00000000e0000000, 0x0000000100000000)
  region size 1024K, 20 young (20480K), 17 survivors (17408K)
 Metaspace       used 59399K, committed 61440K, reserved 393216K
  class space    used 8879K, committed 9856K, reserved 327680K
GC Heap History (16 events):
Event: 8.022 GC heap before
{Heap before GC invocations=0 (full 0):
 garbage-first heap   total 262144K, used 26624K [0x00000000e0000000, 0x0000000100000000)
  region size 1024K, 23 young (23552K), 0 survivors (0K)
 Metaspace       used 3057K, committed 3200K, reserved 393216K
  class space    used 369K, committed 448K, reserved 327680K
}
Event: 8.059 GC heap after
{Heap after GC invocations=1 (full 0):
 garbage-first heap   total 262144K, used 10834K [0x00000000e0000000, 0x0000000100000000)
  region size 1024K, 3 young (3072K), 3 survivors (3072K)
 Metaspace       used 3057K, committed 3200K, reserved 393216K
  class space    used 369K, committed 448K, reserved 327680K
}
Event: 14.371 GC heap before
{Heap before GC invocations=1 (full 0):
 garbage-first heap   total 262144K, used 40530K [0x00000000e0000000, 0x0000000100000000)
  region size 1024K, 30 young (30720K), 3 survivors (3072K)
 Metaspace       used 4645K, committed 4864K, reserved 393216K
  class space    used 592K, committed 704K, reserved 327680K
}
Event: 14.378 GC heap after
{Heap after GC invocations=2 (full 0):
 garbage-first heap   total 262144K, used 15512K [0x00000000e0000000, 0x0000000100000000)
  region size 1024K, 4 young (4096K), 4 survivors (4096K)
 Metaspace       used 4645K, committed 4864K, reserved 393216K
  class space    used 592K, committed 704K, reserved 327680K
}
Event: 22.920 GC heap before
{Heap before GC invocations=2 (full 0):
 garbage-first heap   total 262144K, used 119960K [0x00000000e0000000, 0x0000000100000000)
  region size 1024K, 105 young (107520K), 4 survivors (4096K)
 Metaspace       used 20858K, committed 21504K, reserved 393216K
  class space    used 2873K, committed 3200K, reserved 327680K
}
Event: 22.936 GC heap after
{Heap after GC invocations=3 (full 0):
 garbage-first heap   total 262144K, used 23859K [0x00000000e0000000, 0x0000000100000000)
  region size 1024K, 12 young (12288K), 12 survivors (12288K)
 Metaspace       used 20858K, committed 21504K, reserved 393216K
  class space    used 2873K, committed 3200K, reserved 327680K
}
Event: 29.021 GC heap before
{Heap before GC invocations=4 (full 0):
 garbage-first heap   total 262144K, used 125235K [0x00000000e0000000, 0x0000000100000000)
  region size 1024K, 113 young (115712K), 12 survivors (12288K)
 Metaspace       used 34624K, committed 35968K, reserved 393216K
  class space    used 5082K, committed 5760K, reserved 327680K
}
Event: 29.149 GC heap after
{Heap after GC invocations=5 (full 0):
 garbage-first heap   total 262144K, used 30803K [0x00000000e0000000, 0x0000000100000000)
  region size 1024K, 15 young (15360K), 15 survivors (15360K)
 Metaspace       used 34624K, committed 35968K, reserved 393216K
  class space    used 5082K, committed 5760K, reserved 327680K
}
Event: 29.281 GC heap before
{Heap before GC invocations=5 (full 0):
 garbage-first heap   total 262144K, used 32851K [0x00000000e0000000, 0x0000000100000000)
  region size 1024K, 18 young (18432K), 15 survivors (15360K)
 Metaspace       used 34954K, committed 36288K, reserved 393216K
  class space    used 5111K, committed 5760K, reserved 327680K
}
Event: 29.296 GC heap after
{Heap after GC invocations=6 (full 0):
 garbage-first heap   total 262144K, used 30619K [0x00000000e0000000, 0x0000000100000000)
  region size 1024K, 7 young (7168K), 7 survivors (7168K)
 Metaspace       used 34954K, committed 36288K, reserved 393216K
  class space    used 5111K, committed 5760K, reserved 327680K
}
Event: 29.387 GC heap before
{Heap before GC invocations=6 (full 0):
 garbage-first heap   total 262144K, used 32667K [0x00000000e0000000, 0x0000000100000000)
  region size 1024K, 10 young (10240K), 7 survivors (7168K)
 Metaspace       used 35214K, committed 36608K, reserved 393216K
  class space    used 5142K, committed 5824K, reserved 327680K
}
Event: 29.394 GC heap after
{Heap after GC invocations=7 (full 0):
 garbage-first heap   total 262144K, used 30767K [0x00000000e0000000, 0x0000000100000000)
  region size 1024K, 8 young (8192K), 8 survivors (8192K)
 Metaspace       used 35214K, committed 36608K, reserved 393216K
  class space    used 5142K, committed 5824K, reserved 327680K
}
Event: 41.280 GC heap before
{Heap before GC invocations=8 (full 0):
 garbage-first heap   total 262144K, used 150575K [0x00000000e0000000, 0x0000000100000000)
  region size 1024K, 125 young (128000K), 8 survivors (8192K)
 Metaspace       used 47984K, committed 49856K, reserved 393216K
  class space    used 7155K, committed 8064K, reserved 327680K
}
Event: 41.295 GC heap after
{Heap after GC invocations=9 (full 0):
 garbage-first heap   total 262144K, used 38320K [0x00000000e0000000, 0x0000000100000000)
  region size 1024K, 15 young (15360K), 15 survivors (15360K)
 Metaspace       used 47984K, committed 49856K, reserved 393216K
  class space    used 7155K, committed 8064K, reserved 327680K
}
Event: 52.351 GC heap before
{Heap before GC invocations=9 (full 0):
 garbage-first heap   total 262144K, used 161200K [0x00000000e0000000, 0x0000000100000000)
  region size 1024K, 137 young (140288K), 15 survivors (15360K)
 Metaspace       used 59239K, committed 61248K, reserved 393216K
  class space    used 8853K, committed 9856K, reserved 327680K
}
Event: 52.369 GC heap after
{Heap after GC invocations=10 (full 0):
 garbage-first heap   total 262144K, used 46485K [0x00000000e0000000, 0x0000000100000000)
  region size 1024K, 17 young (17408K), 17 survivors (17408K)
 Metaspace       used 59239K, committed 61248K, reserved 393216K
  class space    used 8853K, committed 9856K, reserved 327680K
}

